nohup: ignoring input
✅ Telegram bot started
No error handlers are registered, logging exception.
Traceback (most recent call last):
  File "/home/ubuntu/codes/yangppang/3.10/lib/python3.10/site-packages/telegram/ext/_utils/networkloop.py", line 115, in network_retry_loop
    if not await do_action():
  File "/home/ubuntu/codes/yangppang/3.10/lib/python3.10/site-packages/telegram/ext/_utils/networkloop.py", line 108, in do_action
    return action_cb_task.result()
  File "/home/ubuntu/codes/yangppang/3.10/lib/python3.10/site-packages/telegram/ext/_updater.py", line 335, in polling_action_cb
    updates = await self.bot.get_updates(
  File "/home/ubuntu/codes/yangppang/3.10/lib/python3.10/site-packages/telegram/ext/_extbot.py", line 658, in get_updates
    updates = await super().get_updates(
  File "/home/ubuntu/codes/yangppang/3.10/lib/python3.10/site-packages/telegram/_bot.py", line 4593, in get_updates
    await self._post(
  File "/home/ubuntu/codes/yangppang/3.10/lib/python3.10/site-packages/telegram/_bot.py", line 691, in _post
    return await self._do_post(
  File "/home/ubuntu/codes/yangppang/3.10/lib/python3.10/site-packages/telegram/ext/_extbot.py", line 362, in _do_post
    return await super()._do_post(
  File "/home/ubuntu/codes/yangppang/3.10/lib/python3.10/site-packages/telegram/_bot.py", line 720, in _do_post
    result = await request.post(
  File "/home/ubuntu/codes/yangppang/3.10/lib/python3.10/site-packages/telegram/request/_baserequest.py", line 197, in post
    result = await self._request_wrapper(
  File "/home/ubuntu/codes/yangppang/3.10/lib/python3.10/site-packages/telegram/request/_baserequest.py", line 355, in _request_wrapper
    raise Conflict(message)
telegram.error.Conflict: Conflict: terminated by other getUpdates request; make sure that only one bot instance is running
No error handlers are registered, logging exception.
Traceback (most recent call last):
  File "/home/ubuntu/codes/yangppang/3.10/lib/python3.10/site-packages/telegram/ext/_utils/networkloop.py", line 115, in network_retry_loop
    if not await do_action():
  File "/home/ubuntu/codes/yangppang/3.10/lib/python3.10/site-packages/telegram/ext/_utils/networkloop.py", line 108, in do_action
    return action_cb_task.result()
  File "/home/ubuntu/codes/yangppang/3.10/lib/python3.10/site-packages/telegram/ext/_updater.py", line 335, in polling_action_cb
    updates = await self.bot.get_updates(
  File "/home/ubuntu/codes/yangppang/3.10/lib/python3.10/site-packages/telegram/ext/_extbot.py", line 658, in get_updates
    updates = await super().get_updates(
  File "/home/ubuntu/codes/yangppang/3.10/lib/python3.10/site-packages/telegram/_bot.py", line 4593, in get_updates
    await self._post(
  File "/home/ubuntu/codes/yangppang/3.10/lib/python3.10/site-packages/telegram/_bot.py", line 691, in _post
    return await self._do_post(
  File "/home/ubuntu/codes/yangppang/3.10/lib/python3.10/site-packages/telegram/ext/_extbot.py", line 362, in _do_post
    return await super()._do_post(
  File "/home/ubuntu/codes/yangppang/3.10/lib/python3.10/site-packages/telegram/_bot.py", line 720, in _do_post
    result = await request.post(
  File "/home/ubuntu/codes/yangppang/3.10/lib/python3.10/site-packages/telegram/request/_baserequest.py", line 197, in post
    result = await self._request_wrapper(
  File "/home/ubuntu/codes/yangppang/3.10/lib/python3.10/site-packages/telegram/request/_baserequest.py", line 355, in _request_wrapper
    raise Conflict(message)
telegram.error.Conflict: Conflict: terminated by other getUpdates request; make sure that only one bot instance is running
No error handlers are registered, logging exception.
Traceback (most recent call last):
  File "/home/ubuntu/codes/yangppang/3.10/lib/python3.10/site-packages/telegram/ext/_utils/networkloop.py", line 115, in network_retry_loop
    if not await do_action():
  File "/home/ubuntu/codes/yangppang/3.10/lib/python3.10/site-packages/telegram/ext/_utils/networkloop.py", line 108, in do_action
    return action_cb_task.result()
  File "/home/ubuntu/codes/yangppang/3.10/lib/python3.10/site-packages/telegram/ext/_updater.py", line 335, in polling_action_cb
    updates = await self.bot.get_updates(
  File "/home/ubuntu/codes/yangppang/3.10/lib/python3.10/site-packages/telegram/ext/_extbot.py", line 658, in get_updates
    updates = await super().get_updates(
  File "/home/ubuntu/codes/yangppang/3.10/lib/python3.10/site-packages/telegram/_bot.py", line 4593, in get_updates
    await self._post(
  File "/home/ubuntu/codes/yangppang/3.10/lib/python3.10/site-packages/telegram/_bot.py", line 691, in _post
    return await self._do_post(
  File "/home/ubuntu/codes/yangppang/3.10/lib/python3.10/site-packages/telegram/ext/_extbot.py", line 362, in _do_post
    return await super()._do_post(
  File "/home/ubuntu/codes/yangppang/3.10/lib/python3.10/site-packages/telegram/_bot.py", line 720, in _do_post
    result = await request.post(
  File "/home/ubuntu/codes/yangppang/3.10/lib/python3.10/site-packages/telegram/request/_baserequest.py", line 197, in post
    result = await self._request_wrapper(
  File "/home/ubuntu/codes/yangppang/3.10/lib/python3.10/site-packages/telegram/request/_baserequest.py", line 355, in _request_wrapper
    raise Conflict(message)
telegram.error.Conflict: Conflict: terminated by other getUpdates request; make sure that only one bot instance is running
No error handlers are registered, logging exception.
Traceback (most recent call last):
  File "/home/ubuntu/codes/yangppang/3.10/lib/python3.10/site-packages/telegram/ext/_utils/networkloop.py", line 115, in network_retry_loop
    if not await do_action():
  File "/home/ubuntu/codes/yangppang/3.10/lib/python3.10/site-packages/telegram/ext/_utils/networkloop.py", line 108, in do_action
    return action_cb_task.result()
  File "/home/ubuntu/codes/yangppang/3.10/lib/python3.10/site-packages/telegram/ext/_updater.py", line 335, in polling_action_cb
    updates = await self.bot.get_updates(
  File "/home/ubuntu/codes/yangppang/3.10/lib/python3.10/site-packages/telegram/ext/_extbot.py", line 658, in get_updates
    updates = await super().get_updates(
  File "/home/ubuntu/codes/yangppang/3.10/lib/python3.10/site-packages/telegram/_bot.py", line 4593, in get_updates
    await self._post(
  File "/home/ubuntu/codes/yangppang/3.10/lib/python3.10/site-packages/telegram/_bot.py", line 691, in _post
    return await self._do_post(
  File "/home/ubuntu/codes/yangppang/3.10/lib/python3.10/site-packages/telegram/ext/_extbot.py", line 362, in _do_post
    return await super()._do_post(
  File "/home/ubuntu/codes/yangppang/3.10/lib/python3.10/site-packages/telegram/_bot.py", line 720, in _do_post
    result = await request.post(
  File "/home/ubuntu/codes/yangppang/3.10/lib/python3.10/site-packages/telegram/request/_baserequest.py", line 197, in post
    result = await self._request_wrapper(
  File "/home/ubuntu/codes/yangppang/3.10/lib/python3.10/site-packages/telegram/request/_baserequest.py", line 355, in _request_wrapper
    raise Conflict(message)
telegram.error.Conflict: Conflict: terminated by other getUpdates request; make sure that only one bot instance is running
No error handlers are registered, logging exception.
Traceback (most recent call last):
  File "/home/ubuntu/codes/yangppang/3.10/lib/python3.10/site-packages/telegram/ext/_utils/networkloop.py", line 115, in network_retry_loop
    if not await do_action():
  File "/home/ubuntu/codes/yangppang/3.10/lib/python3.10/site-packages/telegram/ext/_utils/networkloop.py", line 108, in do_action
    return action_cb_task.result()
  File "/home/ubuntu/codes/yangppang/3.10/lib/python3.10/site-packages/telegram/ext/_updater.py", line 335, in polling_action_cb
    updates = await self.bot.get_updates(
  File "/home/ubuntu/codes/yangppang/3.10/lib/python3.10/site-packages/telegram/ext/_extbot.py", line 658, in get_updates
    updates = await super().get_updates(
  File "/home/ubuntu/codes/yangppang/3.10/lib/python3.10/site-packages/telegram/_bot.py", line 4593, in get_updates
    await self._post(
  File "/home/ubuntu/codes/yangppang/3.10/lib/python3.10/site-packages/telegram/_bot.py", line 691, in _post
    return await self._do_post(
  File "/home/ubuntu/codes/yangppang/3.10/lib/python3.10/site-packages/telegram/ext/_extbot.py", line 362, in _do_post
    return await super()._do_post(
  File "/home/ubuntu/codes/yangppang/3.10/lib/python3.10/site-packages/telegram/_bot.py", line 720, in _do_post
    result = await request.post(
  File "/home/ubuntu/codes/yangppang/3.10/lib/python3.10/site-packages/telegram/request/_baserequest.py", line 197, in post
    result = await self._request_wrapper(
  File "/home/ubuntu/codes/yangppang/3.10/lib/python3.10/site-packages/telegram/request/_baserequest.py", line 355, in _request_wrapper
    raise Conflict(message)
telegram.error.Conflict: Conflict: terminated by other getUpdates request; make sure that only one bot instance is running
No error handlers are registered, logging exception.
Traceback (most recent call last):
  File "/home/ubuntu/codes/yangppang/3.10/lib/python3.10/site-packages/telegram/ext/_utils/networkloop.py", line 115, in network_retry_loop
    if not await do_action():
  File "/home/ubuntu/codes/yangppang/3.10/lib/python3.10/site-packages/telegram/ext/_utils/networkloop.py", line 108, in do_action
    return action_cb_task.result()
  File "/home/ubuntu/codes/yangppang/3.10/lib/python3.10/site-packages/telegram/ext/_updater.py", line 335, in polling_action_cb
    updates = await self.bot.get_updates(
  File "/home/ubuntu/codes/yangppang/3.10/lib/python3.10/site-packages/telegram/ext/_extbot.py", line 658, in get_updates
    updates = await super().get_updates(
  File "/home/ubuntu/codes/yangppang/3.10/lib/python3.10/site-packages/telegram/_bot.py", line 4593, in get_updates
    await self._post(
  File "/home/ubuntu/codes/yangppang/3.10/lib/python3.10/site-packages/telegram/_bot.py", line 691, in _post
    return await self._do_post(
  File "/home/ubuntu/codes/yangppang/3.10/lib/python3.10/site-packages/telegram/ext/_extbot.py", line 362, in _do_post
    return await super()._do_post(
  File "/home/ubuntu/codes/yangppang/3.10/lib/python3.10/site-packages/telegram/_bot.py", line 720, in _do_post
    result = await request.post(
  File "/home/ubuntu/codes/yangppang/3.10/lib/python3.10/site-packages/telegram/request/_baserequest.py", line 197, in post
    result = await self._request_wrapper(
  File "/home/ubuntu/codes/yangppang/3.10/lib/python3.10/site-packages/telegram/request/_baserequest.py", line 355, in _request_wrapper
    raise Conflict(message)
telegram.error.Conflict: Conflict: terminated by other getUpdates request; make sure that only one bot instance is running
No error handlers are registered, logging exception.
Traceback (most recent call last):
  File "/home/ubuntu/codes/yangppang/3.10/lib/python3.10/site-packages/telegram/ext/_utils/networkloop.py", line 115, in network_retry_loop
    if not await do_action():
  File "/home/ubuntu/codes/yangppang/3.10/lib/python3.10/site-packages/telegram/ext/_utils/networkloop.py", line 108, in do_action
    return action_cb_task.result()
  File "/home/ubuntu/codes/yangppang/3.10/lib/python3.10/site-packages/telegram/ext/_updater.py", line 335, in polling_action_cb
    updates = await self.bot.get_updates(
  File "/home/ubuntu/codes/yangppang/3.10/lib/python3.10/site-packages/telegram/ext/_extbot.py", line 658, in get_updates
    updates = await super().get_updates(
  File "/home/ubuntu/codes/yangppang/3.10/lib/python3.10/site-packages/telegram/_bot.py", line 4593, in get_updates
    await self._post(
  File "/home/ubuntu/codes/yangppang/3.10/lib/python3.10/site-packages/telegram/_bot.py", line 691, in _post
    return await self._do_post(
  File "/home/ubuntu/codes/yangppang/3.10/lib/python3.10/site-packages/telegram/ext/_extbot.py", line 362, in _do_post
    return await super()._do_post(
  File "/home/ubuntu/codes/yangppang/3.10/lib/python3.10/site-packages/telegram/_bot.py", line 720, in _do_post
    result = await request.post(
  File "/home/ubuntu/codes/yangppang/3.10/lib/python3.10/site-packages/telegram/request/_baserequest.py", line 197, in post
    result = await self._request_wrapper(
  File "/home/ubuntu/codes/yangppang/3.10/lib/python3.10/site-packages/telegram/request/_baserequest.py", line 355, in _request_wrapper
    raise Conflict(message)
telegram.error.Conflict: Conflict: terminated by other getUpdates request; make sure that only one bot instance is running
No error handlers are registered, logging exception.
Traceback (most recent call last):
  File "/home/ubuntu/codes/yangppang/3.10/lib/python3.10/site-packages/telegram/ext/_utils/networkloop.py", line 115, in network_retry_loop
    if not await do_action():
  File "/home/ubuntu/codes/yangppang/3.10/lib/python3.10/site-packages/telegram/ext/_utils/networkloop.py", line 108, in do_action
    return action_cb_task.result()
  File "/home/ubuntu/codes/yangppang/3.10/lib/python3.10/site-packages/telegram/ext/_updater.py", line 335, in polling_action_cb
    updates = await self.bot.get_updates(
  File "/home/ubuntu/codes/yangppang/3.10/lib/python3.10/site-packages/telegram/ext/_extbot.py", line 658, in get_updates
    updates = await super().get_updates(
  File "/home/ubuntu/codes/yangppang/3.10/lib/python3.10/site-packages/telegram/_bot.py", line 4593, in get_updates
    await self._post(
  File "/home/ubuntu/codes/yangppang/3.10/lib/python3.10/site-packages/telegram/_bot.py", line 691, in _post
    return await self._do_post(
  File "/home/ubuntu/codes/yangppang/3.10/lib/python3.10/site-packages/telegram/ext/_extbot.py", line 362, in _do_post
    return await super()._do_post(
  File "/home/ubuntu/codes/yangppang/3.10/lib/python3.10/site-packages/telegram/_bot.py", line 720, in _do_post
    result = await request.post(
  File "/home/ubuntu/codes/yangppang/3.10/lib/python3.10/site-packages/telegram/request/_baserequest.py", line 197, in post
    result = await self._request_wrapper(
  File "/home/ubuntu/codes/yangppang/3.10/lib/python3.10/site-packages/telegram/request/_baserequest.py", line 355, in _request_wrapper
    raise Conflict(message)
telegram.error.Conflict: Conflict: terminated by other getUpdates request; make sure that only one bot instance is running
No error handlers are registered, logging exception.
Traceback (most recent call last):
  File "/home/ubuntu/codes/yangppang/3.10/lib/python3.10/site-packages/telegram/ext/_utils/networkloop.py", line 115, in network_retry_loop
    if not await do_action():
  File "/home/ubuntu/codes/yangppang/3.10/lib/python3.10/site-packages/telegram/ext/_utils/networkloop.py", line 108, in do_action
    return action_cb_task.result()
  File "/home/ubuntu/codes/yangppang/3.10/lib/python3.10/site-packages/telegram/ext/_updater.py", line 335, in polling_action_cb
    updates = await self.bot.get_updates(
  File "/home/ubuntu/codes/yangppang/3.10/lib/python3.10/site-packages/telegram/ext/_extbot.py", line 658, in get_updates
    updates = await super().get_updates(
  File "/home/ubuntu/codes/yangppang/3.10/lib/python3.10/site-packages/telegram/_bot.py", line 4593, in get_updates
    await self._post(
  File "/home/ubuntu/codes/yangppang/3.10/lib/python3.10/site-packages/telegram/_bot.py", line 691, in _post
    return await self._do_post(
  File "/home/ubuntu/codes/yangppang/3.10/lib/python3.10/site-packages/telegram/ext/_extbot.py", line 362, in _do_post
    return await super()._do_post(
  File "/home/ubuntu/codes/yangppang/3.10/lib/python3.10/site-packages/telegram/_bot.py", line 720, in _do_post
    result = await request.post(
  File "/home/ubuntu/codes/yangppang/3.10/lib/python3.10/site-packages/telegram/request/_baserequest.py", line 197, in post
    result = await self._request_wrapper(
  File "/home/ubuntu/codes/yangppang/3.10/lib/python3.10/site-packages/telegram/request/_baserequest.py", line 355, in _request_wrapper
    raise Conflict(message)
telegram.error.Conflict: Conflict: terminated by other getUpdates request; make sure that only one bot instance is running
